2023-02-26 17:39:25.147 [info] Log level: Info
2023-02-26 17:39:25.147 [info] Validating found git in: "git"
2023-02-26 17:39:25.147 [info] Using git "2.39.2" from "git"
2023-02-26 17:39:25.147 [info] > git rev-parse --show-toplevel [5ms]
2023-02-26 17:39:25.147 [info] fatal: not a git repository (or any parent up to mount point /)
Stopping at filesystem boundary (GIT_DISCOVERY_ACROSS_FILESYSTEM not set).
2023-02-26 17:39:25.147 [info] > git rev-parse --show-toplevel [14ms]
2023-02-26 17:39:25.147 [info] fatal: not a git repository (or any parent up to mount point /)
Stopping at filesystem boundary (GIT_DISCOVERY_ACROSS_FILESYSTEM not set).
2023-02-26 17:39:25.147 [info] > git rev-parse --show-toplevel [18ms]
2023-02-26 17:39:25.147 [info] fatal: not a git repository (or any parent up to mount point /)
Stopping at filesystem boundary (GIT_DISCOVERY_ACROSS_FILESYSTEM not set).
2023-02-26 17:39:25.147 [info] > git rev-parse --show-toplevel [1ms]
2023-02-26 17:39:25.147 [info] fatal: not a git repository (or any parent up to mount point /)
Stopping at filesystem boundary (GIT_DISCOVERY_ACROSS_FILESYSTEM not set).
2023-02-26 17:39:25.309 [info] > git rev-parse --show-toplevel [4ms]
2023-02-26 17:39:25.309 [info] fatal: not a git repository (or any parent up to mount point /)
Stopping at filesystem boundary (GIT_DISCOVERY_ACROSS_FILESYSTEM not set).
2023-02-26 17:43:55.565 [info] > git rev-parse --show-toplevel [1ms]
2023-02-26 17:43:55.565 [info] fatal: not a git repository (or any parent up to mount point /)
Stopping at filesystem boundary (GIT_DISCOVERY_ACROSS_FILESYSTEM not set).
