2023-02-25 22:05:25.229 [info] Extension host with pid 5765 started
2023-02-25 22:05:25.229 [info] Skipping acquiring lock for /home/motel/.config/VSCodium/User/workspaceStorage/4251c119d856c81df19aa13922e6c9e3.
2023-02-25 22:05:25.426 [info] ExtensionService#_doActivateExtension vscode.emmet, startup: false, activationEvent: 'onLanguage'
2023-02-25 22:05:25.427 [info] ExtensionService#_doActivateExtension vscode.typescript-language-features, startup: false, activationEvent: 'onLanguage:javascript'
2023-02-25 22:05:25.427 [info] ExtensionService#_doActivateExtension vscode.git-base, startup: true, activationEvent: '*', root cause: vscode.git
2023-02-25 22:05:25.427 [info] ExtensionService#_doActivateExtension asvetliakov.vscode-neovim, startup: true, activationEvent: '*'
2023-02-25 22:05:25.650 [info] ExtensionService#_doActivateExtension vscode.git, startup: true, activationEvent: '*'
2023-02-25 22:05:25.651 [info] ExtensionService#_doActivateExtension vscode.github, startup: true, activationEvent: '*'
2023-02-25 22:05:25.896 [info] Eager extensions activated
2023-02-25 22:05:25.932 [info] ExtensionService#_doActivateExtension vscode.debug-auto-launch, startup: false, activationEvent: 'onStartupFinished'
2023-02-25 22:05:25.933 [info] ExtensionService#_doActivateExtension vscode.merge-conflict, startup: false, activationEvent: 'onStartupFinished'
2023-02-25 22:09:05.642 [info] Extension host terminating: received terminate message from renderer
2023-02-25 22:09:05.657 [info] Extension host with pid 5765 exiting with code 0
2023-02-25 22:09:06.831 [info] Extension host with pid 22661 started
2023-02-25 22:09:06.831 [info] Skipping acquiring lock for /home/motel/.config/VSCodium/User/workspaceStorage/95a2ac8b7d4e07536c249913f6a99ead.
2023-02-25 22:09:06.877 [info] ExtensionService#_doActivateExtension vscode.emmet, startup: false, activationEvent: 'onLanguage'
2023-02-25 22:09:06.878 [info] ExtensionService#_doActivateExtension vscode.git-base, startup: true, activationEvent: '*', root cause: vscode.git
2023-02-25 22:09:06.878 [info] ExtensionService#_doActivateExtension asvetliakov.vscode-neovim, startup: true, activationEvent: '*'
2023-02-25 22:09:07.047 [info] ExtensionService#_doActivateExtension vscode.git, startup: true, activationEvent: '*'
2023-02-25 22:09:07.048 [info] ExtensionService#_doActivateExtension vscode.github, startup: true, activationEvent: '*'
2023-02-25 22:09:07.155 [info] Eager extensions activated
2023-02-25 22:09:07.182 [info] ExtensionService#_doActivateExtension vscode.debug-auto-launch, startup: false, activationEvent: 'onStartupFinished'
2023-02-25 22:09:07.182 [info] ExtensionService#_doActivateExtension vscode.merge-conflict, startup: false, activationEvent: 'onStartupFinished'
2023-02-25 22:09:10.955 [info] ExtensionService#_doActivateExtension vscode.typescript-language-features, startup: false, activationEvent: 'onLanguage:javascript'
2023-02-25 22:10:00.569 [info] Extension host terminating: received terminate message from renderer
2023-02-25 22:10:00.585 [info] Extension host with pid 22661 exiting with code 0
