2023-02-27 08:46:25.141 [info] Log level: Info
2023-02-27 08:46:25.141 [info] Validating found git in: "git"
2023-02-27 08:46:25.141 [info] Using git "2.39.2" from "git"
2023-02-27 08:46:25.141 [info] > git rev-parse --show-toplevel [5ms]
2023-02-27 08:46:25.141 [info] fatal: not a git repository (or any parent up to mount point /)
Stopping at filesystem boundary (GIT_DISCOVERY_ACROSS_FILESYSTEM not set).
2023-02-27 08:46:25.141 [info] > git rev-parse --show-toplevel [1ms]
2023-02-27 08:46:25.141 [info] fatal: not a git repository (or any parent up to mount point /)
Stopping at filesystem boundary (GIT_DISCOVERY_ACROSS_FILESYSTEM not set).
2023-02-27 08:46:25.141 [info] > git rev-parse --show-toplevel [2ms]
2023-02-27 08:46:25.141 [info] fatal: not a git repository (or any parent up to mount point /)
Stopping at filesystem boundary (GIT_DISCOVERY_ACROSS_FILESYSTEM not set).
2023-02-27 08:46:25.142 [info] > git rev-parse --show-toplevel [4ms]
2023-02-27 08:46:25.142 [info] fatal: not a git repository (or any parent up to mount point /)
Stopping at filesystem boundary (GIT_DISCOVERY_ACROSS_FILESYSTEM not set).
2023-02-27 08:46:25.371 [info] > git rev-parse --show-toplevel [1ms]
2023-02-27 08:46:25.371 [info] fatal: not a git repository (or any parent up to mount point /)
Stopping at filesystem boundary (GIT_DISCOVERY_ACROSS_FILESYSTEM not set).
2023-02-27 08:47:32.629 [info] > git rev-parse --show-toplevel [6ms]
2023-02-27 08:47:32.629 [info] fatal: not a git repository (or any parent up to mount point /)
Stopping at filesystem boundary (GIT_DISCOVERY_ACROSS_FILESYSTEM not set).
2023-02-27 08:49:18.800 [info] > git rev-parse --show-toplevel [1ms]
2023-02-27 08:49:18.800 [info] fatal: not a git repository (or any parent up to mount point /)
Stopping at filesystem boundary (GIT_DISCOVERY_ACROSS_FILESYSTEM not set).
2023-02-27 08:49:26.256 [info] > git rev-parse --show-toplevel [3ms]
2023-02-27 08:49:26.256 [info] fatal: not a git repository (or any parent up to mount point /)
Stopping at filesystem boundary (GIT_DISCOVERY_ACROSS_FILESYSTEM not set).
2023-02-27 08:50:07.780 [info] > git rev-parse --show-toplevel [1ms]
2023-02-27 08:50:07.780 [info] fatal: not a git repository (or any parent up to mount point /)
Stopping at filesystem boundary (GIT_DISCOVERY_ACROSS_FILESYSTEM not set).
2023-02-27 08:50:25.381 [info] > git rev-parse --show-toplevel [1ms]
2023-02-27 08:50:25.381 [info] fatal: not a git repository (or any parent up to mount point /)
Stopping at filesystem boundary (GIT_DISCOVERY_ACROSS_FILESYSTEM not set).
2023-02-27 08:50:27.772 [info] > git rev-parse --show-toplevel [2ms]
2023-02-27 08:50:27.772 [info] fatal: not a git repository (or any parent up to mount point /)
Stopping at filesystem boundary (GIT_DISCOVERY_ACROSS_FILESYSTEM not set).
2023-02-27 08:50:35.382 [info] > git rev-parse --show-toplevel [1ms]
2023-02-27 08:50:35.382 [info] fatal: not a git repository (or any parent up to mount point /)
Stopping at filesystem boundary (GIT_DISCOVERY_ACROSS_FILESYSTEM not set).
2023-02-27 08:50:42.251 [info] > git rev-parse --show-toplevel [1ms]
2023-02-27 08:50:42.251 [info] fatal: not a git repository (or any parent up to mount point /)
Stopping at filesystem boundary (GIT_DISCOVERY_ACROSS_FILESYSTEM not set).
2023-02-27 08:51:08.486 [info] > git rev-parse --show-toplevel [0ms]
2023-02-27 08:51:08.486 [info] fatal: not a git repository (or any parent up to mount point /)
Stopping at filesystem boundary (GIT_DISCOVERY_ACROSS_FILESYSTEM not set).
2023-02-27 08:51:12.233 [info] > git rev-parse --show-toplevel [3ms]
2023-02-27 08:51:12.233 [info] fatal: not a git repository (or any parent up to mount point /)
Stopping at filesystem boundary (GIT_DISCOVERY_ACROSS_FILESYSTEM not set).
2023-02-27 08:51:24.061 [info] > git rev-parse --show-toplevel [1ms]
2023-02-27 08:51:24.061 [info] fatal: not a git repository (or any parent up to mount point /)
Stopping at filesystem boundary (GIT_DISCOVERY_ACROSS_FILESYSTEM not set).
2023-02-27 08:51:24.686 [info] > git rev-parse --show-toplevel [3ms]
2023-02-27 08:51:24.686 [info] fatal: not a git repository (or any parent up to mount point /)
Stopping at filesystem boundary (GIT_DISCOVERY_ACROSS_FILESYSTEM not set).
2023-02-27 08:51:31.313 [info] > git rev-parse --show-toplevel [1ms]
2023-02-27 08:51:31.313 [info] fatal: not a git repository (or any parent up to mount point /)
Stopping at filesystem boundary (GIT_DISCOVERY_ACROSS_FILESYSTEM not set).
2023-02-27 08:51:32.030 [info] > git rev-parse --show-toplevel [2ms]
2023-02-27 08:51:32.030 [info] fatal: not a git repository (or any parent up to mount point /)
Stopping at filesystem boundary (GIT_DISCOVERY_ACROSS_FILESYSTEM not set).
2023-02-27 08:51:36.841 [info] > git rev-parse --show-toplevel [1ms]
2023-02-27 08:51:36.841 [info] fatal: not a git repository (or any parent up to mount point /)
Stopping at filesystem boundary (GIT_DISCOVERY_ACROSS_FILESYSTEM not set).
2023-02-27 08:51:37.480 [info] > git rev-parse --show-toplevel [3ms]
2023-02-27 08:51:37.480 [info] fatal: not a git repository (or any parent up to mount point /)
Stopping at filesystem boundary (GIT_DISCOVERY_ACROSS_FILESYSTEM not set).
2023-02-27 08:51:40.977 [info] > git rev-parse --show-toplevel [0ms]
2023-02-27 08:51:40.977 [info] fatal: not a git repository (or any parent up to mount point /)
Stopping at filesystem boundary (GIT_DISCOVERY_ACROSS_FILESYSTEM not set).
2023-02-27 08:51:42.194 [info] > git rev-parse --show-toplevel [4ms]
2023-02-27 08:51:42.195 [info] fatal: not a git repository (or any parent up to mount point /)
Stopping at filesystem boundary (GIT_DISCOVERY_ACROSS_FILESYSTEM not set).
2023-02-27 08:51:58.522 [info] > git rev-parse --show-toplevel [1ms]
2023-02-27 08:51:58.522 [info] fatal: not a git repository (or any parent up to mount point /)
Stopping at filesystem boundary (GIT_DISCOVERY_ACROSS_FILESYSTEM not set).
2023-02-27 08:52:00.174 [info] > git rev-parse --show-toplevel [1ms]
2023-02-27 08:52:00.174 [info] fatal: not a git repository (or any parent up to mount point /)
Stopping at filesystem boundary (GIT_DISCOVERY_ACROSS_FILESYSTEM not set).
2023-02-27 08:52:03.196 [info] > git rev-parse --show-toplevel [1ms]
2023-02-27 08:52:03.196 [info] fatal: not a git repository (or any parent up to mount point /)
Stopping at filesystem boundary (GIT_DISCOVERY_ACROSS_FILESYSTEM not set).
2023-02-27 08:52:12.059 [info] > git rev-parse --show-toplevel [1ms]
2023-02-27 08:52:12.059 [info] fatal: not a git repository (or any parent up to mount point /)
Stopping at filesystem boundary (GIT_DISCOVERY_ACROSS_FILESYSTEM not set).
2023-02-27 08:52:46.704 [info] > git rev-parse --show-toplevel [1ms]
2023-02-27 08:52:46.704 [info] fatal: not a git repository (or any parent up to mount point /)
Stopping at filesystem boundary (GIT_DISCOVERY_ACROSS_FILESYSTEM not set).
2023-02-27 08:52:50.019 [info] > git rev-parse --show-toplevel [0ms]
2023-02-27 08:52:50.019 [info] fatal: not a git repository (or any parent up to mount point /)
Stopping at filesystem boundary (GIT_DISCOVERY_ACROSS_FILESYSTEM not set).
2023-02-27 08:52:51.048 [info] > git rev-parse --show-toplevel [1ms]
2023-02-27 08:52:51.048 [info] fatal: not a git repository (or any parent up to mount point /)
Stopping at filesystem boundary (GIT_DISCOVERY_ACROSS_FILESYSTEM not set).
