2023-02-26 17:34:40.057 [info] Log level: Info
2023-02-26 17:34:40.057 [info] Validating found git in: "git"
2023-02-26 17:34:40.057 [info] Using git "2.39.2" from "git"
2023-02-26 17:34:40.057 [info] > git rev-parse --show-toplevel [5ms]
2023-02-26 17:34:40.057 [info] fatal: not a git repository (or any parent up to mount point /)
Stopping at filesystem boundary (GIT_DISCOVERY_ACROSS_FILESYSTEM not set).
2023-02-26 17:34:40.057 [info] > git rev-parse --show-toplevel [1ms]
2023-02-26 17:34:40.057 [info] fatal: not a git repository (or any parent up to mount point /)
Stopping at filesystem boundary (GIT_DISCOVERY_ACROSS_FILESYSTEM not set).
2023-02-26 17:34:40.057 [info] > git rev-parse --show-toplevel [2ms]
2023-02-26 17:34:40.057 [info] fatal: not a git repository (or any parent up to mount point /)
Stopping at filesystem boundary (GIT_DISCOVERY_ACROSS_FILESYSTEM not set).
2023-02-26 17:34:40.057 [info] > git rev-parse --show-toplevel [6ms]
2023-02-26 17:34:40.057 [info] fatal: not a git repository (or any parent up to mount point /)
Stopping at filesystem boundary (GIT_DISCOVERY_ACROSS_FILESYSTEM not set).
2023-02-26 17:34:40.328 [info] > git rev-parse --show-toplevel [3ms]
2023-02-26 17:34:40.328 [info] fatal: not a git repository (or any parent up to mount point /)
Stopping at filesystem boundary (GIT_DISCOVERY_ACROSS_FILESYSTEM not set).
2023-02-26 17:38:51.299 [info] > git rev-parse --show-toplevel [2ms]
2023-02-26 17:38:51.299 [info] fatal: not a git repository (or any parent up to mount point /)
Stopping at filesystem boundary (GIT_DISCOVERY_ACROSS_FILESYSTEM not set).
2023-02-26 17:38:52.985 [info] > git rev-parse --show-toplevel [2ms]
2023-02-26 17:38:52.985 [info] fatal: not a git repository (or any parent up to mount point /)
Stopping at filesystem boundary (GIT_DISCOVERY_ACROSS_FILESYSTEM not set).
