2023-02-26 16:52:39.304 [info] Log level: Info
2023-02-26 16:52:39.304 [info] Validating found git in: "git"
2023-02-26 16:52:39.304 [info] Using git "2.39.2" from "git"
2023-02-26 16:52:39.304 [info] > git rev-parse --show-toplevel [15ms]
2023-02-26 16:52:39.304 [info] fatal: not a git repository (or any parent up to mount point /)
Stopping at filesystem boundary (GIT_DISCOVERY_ACROSS_FILESYSTEM not set).
2023-02-26 16:52:39.304 [info] > git rev-parse --show-toplevel [35ms]
2023-02-26 16:52:39.304 [info] fatal: not a git repository (or any parent up to mount point /)
Stopping at filesystem boundary (GIT_DISCOVERY_ACROSS_FILESYSTEM not set).
2023-02-26 16:52:39.304 [info] > git rev-parse --show-toplevel [3ms]
2023-02-26 16:52:39.304 [info] fatal: not a git repository (or any parent up to mount point /)
Stopping at filesystem boundary (GIT_DISCOVERY_ACROSS_FILESYSTEM not set).
2023-02-26 16:52:39.536 [info] > git rev-parse --show-toplevel [2ms]
2023-02-26 16:52:39.536 [info] fatal: not a git repository (or any parent up to mount point /)
Stopping at filesystem boundary (GIT_DISCOVERY_ACROSS_FILESYSTEM not set).
2023-02-26 16:53:50.908 [info] > git rev-parse --show-toplevel [1ms]
2023-02-26 16:53:50.908 [info] fatal: not a git repository (or any parent up to mount point /)
Stopping at filesystem boundary (GIT_DISCOVERY_ACROSS_FILESYSTEM not set).
2023-02-26 16:56:52.251 [info] > git rev-parse --show-toplevel [2ms]
2023-02-26 16:56:52.251 [info] fatal: not a git repository (or any parent up to mount point /)
Stopping at filesystem boundary (GIT_DISCOVERY_ACROSS_FILESYSTEM not set).
2023-02-26 16:58:14.828 [info] > git rev-parse --show-toplevel [2ms]
2023-02-26 16:58:14.828 [info] fatal: not a git repository (or any parent up to mount point /)
Stopping at filesystem boundary (GIT_DISCOVERY_ACROSS_FILESYSTEM not set).
2023-02-26 16:58:16.392 [info] > git rev-parse --show-toplevel [1ms]
2023-02-26 16:58:16.392 [info] fatal: not a git repository (or any parent up to mount point /)
Stopping at filesystem boundary (GIT_DISCOVERY_ACROSS_FILESYSTEM not set).
2023-02-26 17:21:46.301 [info] > git rev-parse --show-toplevel [3ms]
2023-02-26 17:21:46.301 [info] fatal: not a git repository (or any parent up to mount point /)
Stopping at filesystem boundary (GIT_DISCOVERY_ACROSS_FILESYSTEM not set).
2023-02-26 17:21:51.634 [info] > git rev-parse --show-toplevel [2ms]
2023-02-26 17:21:51.634 [info] fatal: not a git repository (or any parent up to mount point /)
Stopping at filesystem boundary (GIT_DISCOVERY_ACROSS_FILESYSTEM not set).
2023-02-26 17:22:29.122 [info] > git rev-parse --show-toplevel [2ms]
2023-02-26 17:22:29.122 [info] fatal: not a git repository (or any parent up to mount point /)
Stopping at filesystem boundary (GIT_DISCOVERY_ACROSS_FILESYSTEM not set).
2023-02-26 17:22:47.282 [info] > git rev-parse --show-toplevel [1ms]
2023-02-26 17:22:47.282 [info] fatal: not a git repository (or any parent up to mount point /)
Stopping at filesystem boundary (GIT_DISCOVERY_ACROSS_FILESYSTEM not set).
2023-02-26 17:22:54.946 [info] > git rev-parse --show-toplevel [1ms]
2023-02-26 17:22:54.946 [info] fatal: not a git repository (or any parent up to mount point /)
Stopping at filesystem boundary (GIT_DISCOVERY_ACROSS_FILESYSTEM not set).
2023-02-26 17:22:57.729 [info] > git rev-parse --show-toplevel [1ms]
2023-02-26 17:22:57.729 [info] fatal: not a git repository (or any parent up to mount point /)
Stopping at filesystem boundary (GIT_DISCOVERY_ACROSS_FILESYSTEM not set).
2023-02-26 17:23:17.423 [info] > git rev-parse --show-toplevel [1ms]
2023-02-26 17:23:17.423 [info] fatal: not a git repository (or any parent up to mount point /)
Stopping at filesystem boundary (GIT_DISCOVERY_ACROSS_FILESYSTEM not set).
2023-02-26 17:23:25.285 [info] > git rev-parse --show-toplevel [4ms]
2023-02-26 17:23:25.285 [info] fatal: not a git repository (or any parent up to mount point /)
Stopping at filesystem boundary (GIT_DISCOVERY_ACROSS_FILESYSTEM not set).
2023-02-26 17:25:49.679 [info] > git rev-parse --show-toplevel [1ms]
2023-02-26 17:25:49.679 [info] fatal: not a git repository (or any parent up to mount point /)
Stopping at filesystem boundary (GIT_DISCOVERY_ACROSS_FILESYSTEM not set).
2023-02-26 17:26:04.901 [info] > git rev-parse --show-toplevel [1ms]
2023-02-26 17:26:04.901 [info] fatal: not a git repository (or any parent up to mount point /)
Stopping at filesystem boundary (GIT_DISCOVERY_ACROSS_FILESYSTEM not set).
2023-02-26 17:28:44.157 [info] > git rev-parse --show-toplevel [3ms]
2023-02-26 17:28:44.157 [info] fatal: not a git repository (or any parent up to mount point /)
Stopping at filesystem boundary (GIT_DISCOVERY_ACROSS_FILESYSTEM not set).
2023-02-26 17:28:45.886 [info] > git rev-parse --show-toplevel [2ms]
2023-02-26 17:28:45.886 [info] fatal: not a git repository (or any parent up to mount point /)
Stopping at filesystem boundary (GIT_DISCOVERY_ACROSS_FILESYSTEM not set).
2023-02-26 17:31:41.029 [info] > git rev-parse --show-toplevel [3ms]
2023-02-26 17:31:41.029 [info] fatal: not a git repository (or any parent up to mount point /)
Stopping at filesystem boundary (GIT_DISCOVERY_ACROSS_FILESYSTEM not set).
2023-02-26 17:32:07.774 [info] > git rev-parse --show-toplevel [1ms]
2023-02-26 17:32:07.774 [info] fatal: not a git repository (or any parent up to mount point /)
Stopping at filesystem boundary (GIT_DISCOVERY_ACROSS_FILESYSTEM not set).
2023-02-26 17:33:29.564 [info] > git rev-parse --show-toplevel [2ms]
2023-02-26 17:33:29.564 [info] fatal: not a git repository (or any parent up to mount point /)
Stopping at filesystem boundary (GIT_DISCOVERY_ACROSS_FILESYSTEM not set).
