2023-02-27 18:31:27.715 [info] Added views:workbench.panel.markers.view in workbench.panel.markers
2023-02-27 18:31:27.715 [info] Added views:workbench.panel.output in workbench.panel.output
2023-02-27 18:31:27.715 [info] Added views:terminal in terminal
2023-02-27 18:31:27.715 [info] Added views:workbench.scm in workbench.view.scm
2023-02-27 18:31:27.715 [info] Added views:workbench.view.search in workbench.view.search
2023-02-27 18:31:27.715 [info] Added views:workbench.explorer.emptyView in workbench.view.explorer
2023-02-27 18:31:27.981 [info] Added views:workbench.debug.variablesView,workbench.debug.watchExpressionsView,workbench.debug.callStackView,workbench.debug.breakPointsView in workbench.view.debug
2023-02-27 18:31:28.281 [info] Added views:workbench.panel.repl.view in workbench.panel.repl
2023-02-27 18:31:28.282 [info] Removed views:workbench.debug.breakPointsView,workbench.debug.callStackView,workbench.debug.watchExpressionsView,workbench.debug.variablesView from workbench.view.debug
2023-02-27 18:31:28.284 [info] Added views:workbench.debug.welcome in workbench.view.debug
2023-02-27 18:31:43.220 [info] Added views:workbench.panel.markers.view in workbench.panel.markers
2023-02-27 18:31:43.220 [info] Added views:workbench.panel.output in workbench.panel.output
2023-02-27 18:31:43.220 [info] Added views:terminal in terminal
2023-02-27 18:31:43.220 [info] Added views:workbench.scm in workbench.view.scm
2023-02-27 18:31:43.220 [info] Added views:workbench.view.search in workbench.view.search
2023-02-27 18:31:43.220 [info] Added views:workbench.explorer.fileView in workbench.view.explorer
2023-02-27 18:31:43.567 [info] Added views:workbench.debug.variablesView,workbench.debug.watchExpressionsView,workbench.debug.callStackView,workbench.debug.breakPointsView in workbench.view.debug
2023-02-27 18:31:43.811 [info] Added views:workbench.panel.repl.view in workbench.panel.repl
2023-02-27 18:31:43.812 [info] Removed views:workbench.debug.breakPointsView,workbench.debug.callStackView,workbench.debug.watchExpressionsView,workbench.debug.variablesView from workbench.view.debug
2023-02-27 18:31:43.812 [info] Added views:workbench.debug.welcome in workbench.view.debug
