2023-02-25 16:44:30 Loading main app package /usr/lib/obsidian/obsidian.asar
2023-02-25 16:44:30 Checking for update using Github
2023-02-25 16:44:31 Success.
2023-02-25 16:44:31 Latest version is 1.1.15
2023-02-25 16:44:31 App is up to date.
2023-02-25 20:30:05 Loading main app package /usr/lib/obsidian/obsidian.asar
2023-02-25 20:30:05 Checking for update using Github
2023-02-25 20:30:05 Success.
2023-02-25 20:30:05 Latest version is 1.1.15
2023-02-25 20:30:05 App is up to date.
2023-02-25 21:30:05 Checking for update using Github
2023-02-25 21:30:05 Success.
2023-02-25 21:30:05 Latest version is 1.1.15
2023-02-25 21:30:05 App is up to date.
2023-02-25 22:30:05 Checking for update using Github
2023-02-25 22:30:05 Success.
2023-02-25 22:30:05 Latest version is 1.1.15
2023-02-25 22:30:05 App is up to date.
2023-02-27 06:08:02 Loading main app package /usr/lib/obsidian/obsidian.asar
2023-02-27 06:08:02 Checking for update using Github
2023-02-27 06:08:03 Success.
2023-02-27 06:08:03 Latest version is 1.1.15
2023-02-27 06:08:03 App is up to date.
2023-02-27 10:05:11 Loading main app package /usr/lib/obsidian/obsidian.asar
2023-02-27 10:05:11 Checking for update using Github
2023-02-27 10:05:12 Success.
2023-02-27 10:05:12 Latest version is 1.1.15
2023-02-27 10:05:12 App is up to date.
2023-02-27 11:05:11 Checking for update using Github
2023-02-27 11:05:12 Success.
2023-02-27 11:05:12 Latest version is 1.1.15
2023-02-27 11:05:12 App is up to date.
2023-02-27 12:05:11 Checking for update using Github
2023-02-27 12:05:12 Success.
2023-02-27 12:05:12 Latest version is 1.1.15
2023-02-27 12:05:12 App is up to date.
2023-02-27 15:26:47 Loading main app package /usr/lib/obsidian/obsidian.asar
2023-02-27 15:26:47 Checking for update using Github
2023-02-27 15:26:48 Success.
2023-02-27 15:26:48 Latest version is 1.1.15
2023-02-27 15:26:48 App is up to date.
