2023-02-25 22:05:25.971 [info] Log level: Info
2023-02-25 22:05:25.971 [info] Validating found git in: "git"
2023-02-25 22:05:25.971 [info] Using git "2.39.2" from "git"
2023-02-25 22:05:25.971 [info] > git rev-parse --show-toplevel [3ms]
2023-02-25 22:05:25.971 [info] fatal: not a git repository (or any parent up to mount point /)
Stopping at filesystem boundary (GIT_DISCOVERY_ACROSS_FILESYSTEM not set).
2023-02-25 22:05:25.971 [info] > git rev-parse --show-toplevel [1ms]
2023-02-25 22:05:25.971 [info] fatal: not a git repository (or any parent up to mount point /)
Stopping at filesystem boundary (GIT_DISCOVERY_ACROSS_FILESYSTEM not set).
2023-02-25 22:05:25.971 [info] > git rev-parse --show-toplevel [2ms]
2023-02-25 22:05:25.971 [info] fatal: not a git repository (or any parent up to mount point /)
Stopping at filesystem boundary (GIT_DISCOVERY_ACROSS_FILESYSTEM not set).
2023-02-25 22:05:25.971 [info] > git rev-parse --show-toplevel [1ms]
2023-02-25 22:05:25.971 [info] fatal: not a git repository (or any parent up to mount point /)
Stopping at filesystem boundary (GIT_DISCOVERY_ACROSS_FILESYSTEM not set).
2023-02-25 22:05:26.003 [info] > git rev-parse --show-toplevel [2ms]
2023-02-25 22:05:26.003 [info] fatal: not a git repository (or any parent up to mount point /)
Stopping at filesystem boundary (GIT_DISCOVERY_ACROSS_FILESYSTEM not set).
2023-02-25 22:07:24.741 [info] > git rev-parse --show-toplevel [2ms]
2023-02-25 22:07:24.742 [info] fatal: not a git repository (or any parent up to mount point /)
Stopping at filesystem boundary (GIT_DISCOVERY_ACROSS_FILESYSTEM not set).
2023-02-25 22:09:07.160 [info] Log level: Info
2023-02-25 22:09:07.160 [info] Validating found git in: "git"
2023-02-25 22:09:07.160 [info] Using git "2.39.2" from "git"
2023-02-25 22:09:07.160 [info] > git rev-parse --show-toplevel [3ms]
2023-02-25 22:09:07.160 [info] fatal: not a git repository (or any parent up to mount point /)
Stopping at filesystem boundary (GIT_DISCOVERY_ACROSS_FILESYSTEM not set).
2023-02-25 22:09:07.243 [info] > git rev-parse --show-toplevel [1ms]
2023-02-25 22:09:07.243 [info] fatal: not a git repository (or any parent up to mount point /)
Stopping at filesystem boundary (GIT_DISCOVERY_ACROSS_FILESYSTEM not set).
2023-02-25 22:09:10.950 [info] > git rev-parse --show-toplevel [1ms]
2023-02-25 22:09:10.950 [info] fatal: not a git repository (or any parent up to mount point /)
Stopping at filesystem boundary (GIT_DISCOVERY_ACROSS_FILESYSTEM not set).
2023-02-25 22:09:22.675 [info] > git rev-parse --show-toplevel [1ms]
2023-02-25 22:09:22.675 [info] fatal: not a git repository (or any parent up to mount point /)
Stopping at filesystem boundary (GIT_DISCOVERY_ACROSS_FILESYSTEM not set).
