2023-02-26 17:44:18.097 [info] Log level: Info
2023-02-26 17:44:18.097 [info] Validating found git in: "git"
2023-02-26 17:44:18.097 [info] Using git "2.39.2" from "git"
2023-02-26 17:44:18.097 [info] > git rev-parse --show-toplevel [7ms]
2023-02-26 17:44:18.097 [info] fatal: not a git repository (or any parent up to mount point /)
Stopping at filesystem boundary (GIT_DISCOVERY_ACROSS_FILESYSTEM not set).
2023-02-26 17:44:18.097 [info] > git rev-parse --show-toplevel [2ms]
2023-02-26 17:44:18.097 [info] fatal: not a git repository (or any parent up to mount point /)
Stopping at filesystem boundary (GIT_DISCOVERY_ACROSS_FILESYSTEM not set).
2023-02-26 17:44:18.097 [info] > git rev-parse --show-toplevel [3ms]
2023-02-26 17:44:18.097 [info] fatal: not a git repository (or any parent up to mount point /)
Stopping at filesystem boundary (GIT_DISCOVERY_ACROSS_FILESYSTEM not set).
2023-02-26 17:44:18.215 [info] > git rev-parse --show-toplevel [1ms]
2023-02-26 17:44:18.215 [info] fatal: not a git repository (or any parent up to mount point /)
Stopping at filesystem boundary (GIT_DISCOVERY_ACROSS_FILESYSTEM not set).
2023-02-26 17:44:18.325 [info] > git rev-parse --show-toplevel [3ms]
2023-02-26 17:44:18.325 [info] fatal: not a git repository (or any parent up to mount point /)
Stopping at filesystem boundary (GIT_DISCOVERY_ACROSS_FILESYSTEM not set).
2023-02-26 17:45:38.232 [info] > git rev-parse --show-toplevel [1ms]
2023-02-26 17:45:38.232 [info] fatal: not a git repository (or any parent up to mount point /)
Stopping at filesystem boundary (GIT_DISCOVERY_ACROSS_FILESYSTEM not set).
