2023-02-25 22:05:24.757 [info] Added views:workbench.panel.markers.view in workbench.panel.markers
2023-02-25 22:05:24.758 [info] Added views:workbench.panel.output in workbench.panel.output
2023-02-25 22:05:24.758 [info] Added views:terminal in terminal
2023-02-25 22:05:24.758 [info] Added views:outline in workbench.view.explorer
2023-02-25 22:05:24.758 [info] Added views:workbench.scm in workbench.view.scm
2023-02-25 22:05:24.758 [info] Added views:workbench.view.search in workbench.view.search
2023-02-25 22:05:24.758 [info] Added views:timeline in workbench.view.explorer
2023-02-25 22:05:24.758 [info] Added views:workbench.explorer.fileView in workbench.view.explorer
2023-02-25 22:05:24.940 [info] Added views:workbench.debug.welcome in workbench.view.debug
2023-02-25 22:05:25.296 [info] Added views:workbench.panel.repl.view in workbench.panel.repl
2023-02-25 22:08:39.623 [info] Showing view workbench.explorer.openEditorsView in the container workbench.view.explorer
2023-02-25 22:08:39.623 [info] Added views:workbench.explorer.openEditorsView in workbench.view.explorer
2023-02-25 22:08:44.081 [info] Removed views:workbench.explorer.openEditorsView from workbench.view.explorer
2023-02-25 22:08:56.432 [info] Removed views:timeline from workbench.view.explorer
2023-02-25 22:08:58.990 [info] Removed views:outline from workbench.view.explorer
2023-02-25 22:09:06.447 [info] Added views:workbench.panel.markers.view in workbench.panel.markers
2023-02-25 22:09:06.447 [info] Added views:workbench.panel.output in workbench.panel.output
2023-02-25 22:09:06.447 [info] Added views:terminal in terminal
2023-02-25 22:09:06.447 [info] Added views:workbench.scm in workbench.view.scm
2023-02-25 22:09:06.447 [info] Added views:workbench.view.search in workbench.view.search
2023-02-25 22:09:06.447 [info] Added views:workbench.explorer.fileView in workbench.view.explorer
2023-02-25 22:09:06.685 [info] Added views:workbench.debug.variablesView,workbench.debug.watchExpressionsView,workbench.debug.callStackView,workbench.debug.breakPointsView in workbench.view.debug
2023-02-25 22:09:06.873 [info] Added views:workbench.panel.repl.view in workbench.panel.repl
2023-02-25 22:09:06.875 [info] Removed views:workbench.debug.breakPointsView,workbench.debug.callStackView,workbench.debug.watchExpressionsView,workbench.debug.variablesView from workbench.view.debug
2023-02-25 22:09:06.875 [info] Added views:workbench.debug.welcome in workbench.view.debug
